Running php-build composer
WARNING! Your password will be stored unencrypted in /home/runner/.docker/config.json.
Configure a credential helper to remove this warning. See
https://docs.docker.com/engine/reference/commandline/login/#credentials-store

Login Succeeded
Pulling docker.pkg.github.com/pluginkollektiv/antispam-bee/php-actions_composer_antispam-bee:php-latest-build2
WARNING: ⚠️ Failed to pull manifest by the resolved digest. This registry does not
	appear to conform to the distribution registry specification; falling back to
	pull by tag.  This fallback is DEPRECATED, and will be removed in a future
	release.  Please contact admins of https://docker.pkg.github.com. ⚠️

php-latest-build2: Pulling from pluginkollektiv/antispam-bee/php-actions_composer_antispam-bee
9aae54b2144e: Pulling fs layer
0552190813ec: Pulling fs layer
d6abf49ad7ff: Pulling fs layer
4a7b791901cf: Pulling fs layer
483f3f97a5bc: Pulling fs layer
e078e9d6b760: Pulling fs layer
2c134042be40: Pulling fs layer
db5fecf1aa2d: Pulling fs layer
f28c38a75bec: Pulling fs layer
159f106d1fc1: Pulling fs layer
4a7b791901cf: Waiting
483f3f97a5bc: Waiting
e078e9d6b760: Waiting
2c134042be40: Waiting
db5fecf1aa2d: Waiting
f28c38a75bec: Waiting
159f106d1fc1: Waiting
d6abf49ad7ff: Verifying Checksum
d6abf49ad7ff: Download complete
0552190813ec: Verifying Checksum
0552190813ec: Download complete
4a7b791901cf: Verifying Checksum
4a7b791901cf: Download complete
9aae54b2144e: Verifying Checksum
9aae54b2144e: Download complete
e078e9d6b760: Verifying Checksum
e078e9d6b760: Download complete
9aae54b2144e: Pull complete
0552190813ec: Pull complete
d6abf49ad7ff: Pull complete
4a7b791901cf: Pull complete
483f3f97a5bc: Verifying Checksum
483f3f97a5bc: Download complete
483f3f97a5bc: Pull complete
e078e9d6b760: Pull complete
f28c38a75bec: Verifying Checksum
f28c38a75bec: Download complete
2c134042be40: Verifying Checksum
2c134042be40: Download complete
db5fecf1aa2d: Verifying Checksum
db5fecf1aa2d: Download complete
159f106d1fc1: Verifying Checksum
159f106d1fc1: Download complete
2c134042be40: Pull complete
db5fecf1aa2d: Pull complete
f28c38a75bec: Pull complete
159f106d1fc1: Pull complete
Digest: sha256:a6b0df3c018b4a3bb89e86996e4f4f3b15381d959d9985a1074cb62e916119df
Status: Downloaded newer image for docker.pkg.github.com/pluginkollektiv/antispam-bee/php-actions_composer_antispam-bee:php-latest-build2
docker.pkg.github.com/pluginkollektiv/antispam-bee/php-actions_composer_antispam-bee:php-latest-build2
Docker tag: docker.pkg.github.com/pluginkollektiv/antispam-bee/php-actions_composer_antispam-bee:php-latest-build2
No private keys supplied
Command: composer install --no-progress --no-interaction --ignore-platform-reqs
